Build started 2016-03-27 16:29:34.
     1>Project "C:\Users\bartosz\Documents\Visual Studio 2015\Projects\ConsoleApplication1\ConsoleApplication1\ConsoleApplication1.vcxproj" on node 2 (Build target(s)).
     1>ClCompile:
         C:\Program Files (x86)\Microsoft Visual Studio 14.0\VC\bin\CL.exe /c /ZI /nologo /W3 /WX- /Od /Oy- /D WIN32 /D _DEBUG /D _CONSOLE /D _UNICODE /D UNICODE /Gm /EHsc /RTC1 /MDd /GS /fp:precise /Zc:wchar_t /Zc:forScope /Zc:inline /Fo"Debug\\" /Fd"Debug\vc140.pdb" /Gd /TP /analyze- /errorReport:prompt "..\..\..\..\..\Desktop\documents-export-2015-09-27\Laboratoria 2015\lab_b2\obrazek.cpp" "..\..\..\..\..\Desktop\documents-export-2015-09-27\Laboratoria 2015\lab_b2\progmain.cpp" "..\..\..\..\..\Desktop\documents-export-2015-09-27\Laboratoria 2015\lab_b2\wielomian.cpp"
         wielomian.cpp
     1>c:\users\bartosz\desktop\documents-export-2015-09-27\laboratoria 2015\lab_b2\wielomian.cpp(12): warning C4101: 'j': unreferenced local variable
     1>c:\users\bartosz\desktop\documents-export-2015-09-27\laboratoria 2015\lab_b2\wielomian.cpp(24): warning C4101: 'j': unreferenced local variable
         progmain.cpp
         obrazek.cpp
         Generating Code...
     1>c:\users\bartosz\desktop\documents-export-2015-09-27\laboratoria 2015\lab_b2\wielomian.cpp(60): warning C4715: 'iteracje_Newtona': not all control paths return a value
       Link:
         C:\Program Files (x86)\Microsoft Visual Studio 14.0\VC\bin\link.exe /ERRORREPORT:PROMPT /OUT:"C:\Users\bartosz\Documents\Visual Studio 2015\Projects\ConsoleApplication1\Debug\ConsoleApplication1.exe" /INCREMENTAL /NOLOGO kernel32.lib user32.lib gdi32.lib winspool.lib comdlg32.lib advapi32.lib shell32.lib ole32.lib oleaut32.lib uuid.lib odbc32.lib odbccp32.lib /MANIFEST /MANIFESTUAC:"level='asInvoker' uiAccess='false'" /manifest:embed /Debug /PDB:"C:\Users\bartosz\Documents\Visual Studio 2015\Projects\ConsoleApplication1\Debug\ConsoleApplication1.pdb" /SUBSYSTEM:CONSOLE /TLBID:1 /DYNAMICBASE /NXCOMPAT /IMPLIB:"C:\Users\bartosz\Documents\Visual Studio 2015\Projects\ConsoleApplication1\Debug\ConsoleApplication1.lib" /MACHINE:X86 Debug\CMPLX.obj
         Debug\obrazek.obj
         Debug\okienko.obj
         Debug\progmain.obj
         Debug\wielomian.obj
         ConsoleApplication1.vcxproj -> C:\Users\bartosz\Documents\Visual Studio 2015\Projects\ConsoleApplication1\Debug\ConsoleApplication1.exe
     1>Done Building Project "C:\Users\bartosz\Documents\Visual Studio 2015\Projects\ConsoleApplication1\ConsoleApplication1\ConsoleApplication1.vcxproj" (Build target(s)).

Build succeeded.

Time Elapsed 00:00:08.34
